[LOG] System::create                           : Header version = 2.02.21. Current version = 2.02.21.
[LOG] Manager::init                            : maxchannels = 256 studioflags = 00000006 flags 00000000 extradriverdata 0000000000000000.
[LOG] SystemI::init                            : Initialize version=20221 (141420), maxchannels=256, flags=0x00020000
[LOG] SystemI::setOutputInternal               : Setting output to 'FMOD WASAPI Output'
[LOG] OutputWASAPI::init                       : Mix Format (WAVEFORMATEX): wFormatTag=0xFFFE, nChannels=8, nSamplesPerSec=96000, nAvgBytesPerSec=3072000, nBlockAlign=32, wBitsPerSample=32, cbSize=22.
[LOG] OutputWASAPI::init                       : Mix Format (WAVEFORMATEXTENSIBLE): wValidBitsPerSample=32, dwChannelMask=0x0000063F, SubFormat=00000003-0000-0010-8000-00AA00389B71.
[LOG] OutputWASAPI::init                       : Output buffer size: 8192 samples, latency: 0.00ms, period: 10.00ms, DSP buffer: 1024 * 4
[LOG] SystemI::init                            : Output requires a sample rate of 96000Hz, resampling will occur.
[LOG] DownMix::init                            : dspbuffersize: 1024  rate: 48000. output speaker mode: 7, input speaker mode 3
[LOG] DownMix::init                            : done.
[LOG] Thread::initThread                       : Init FMOD stream thread. Affinity: 0x4000000000000003, Priority: 0xFFFF7FFB, Stack Size: 98304, Semaphore: No, Sleep Time: 10, Looping: Yes.
[LOG] Thread::initThread                       : Init FMOD mixer thread. Affinity: 0x4000000000000001, Priority: 0xFFFF7FFA, Stack Size: 81920, Semaphore: No, Sleep Time: 0, Looping: Yes.
[LOG] AsyncManager::init                       : manager 0000023690CF3BE8 isAsync 0 updatePeriod 0.02
[LOG] AsyncManager::init                       : done
[LOG] PlaybackSystem::init                     : 
[LOG] Thread::initThread                       : Init FMOD Studio sample load thread. Affinity: 0x4000000000000003, Priority: 0xFFFF7FFD, Stack Size: 98304, Semaphore: No, Sleep Time: 1, Looping: No.
[LOG] PlaybackSystem::init                     : done
[LOG] Thread::initThread                       : Init FMOD Studio bank load thread. Affinity: 0x4000000000000003, Priority: 0xFFFF7FFD, Stack Size: 98304, Semaphore: No, Sleep Time: 1, Looping: No.
[LOG] Manager::init                            : done.
[LOG] Manager::readBank                        : fileversion = 142, compatVersion = 140 (oldest = 44, newest = 142)
[LOG] Manager::readBank                        : fileversion = 142, compatVersion = 140 (oldest = 44, newest = 142)
[LOG] Manager::readBank                        : fileversion = 142, compatVersion = 140 (oldest = 44, newest = 142)
[LOG] Manager::readBank                        : fileversion = 142, compatVersion = 140 (oldest = 44, newest = 142)
[LOG] PlaybackSystem::acquireMasterBus         : Setting master channel group format to 6
[LOG] SystemI::mixerSuspend                    : Suspending output.
[LOG] SystemI::mixerResume                     : Resuming output.
[LOG] AsyncThread::add                         : add sound to async queue : soundi = 00000236961F6D58, queue head = 000002366C2184F8, queue count = 0
[LOG] AsyncThread::threadFunc                  : Starting Asynchronous operation on sound 00000236961F6D58
[LOG] AsyncThread::add                         :     add sound to async queue : soundi = 00000236961F44D8, queue head = 000002366C2184F8, queue count = 0
[LOG] AsyncThread::threadFunc                  : Finished Asynchronous operation on sound 00000236961F6D58
[LOG] AsyncThread::threadFunc                  : Starting Asynchronous operation on sound 00000236961F44D8
[LOG] AsyncThread::threadFunc                  : Finished Asynchronous operation on sound 00000236961F44D8
[LOG] SystemI::createSoundInternal             : Create name='', mode=0x02000202
[LOG] SystemI::createSoundInternal             : exinfo->cbsize             = 224
[LOG] SystemI::createSoundInternal             : exinfo->length             = 127584
[LOG] SystemI::createSoundInternal             : exinfo->fileoffset         = 5280
[LOG] SystemI::createSoundInternal             : exinfo->numsubsounds       = 1
[LOG] SystemI::createSoundInternal             : exinfo->inclusionlist      = 000000AAC905EF98
[LOG] SystemI::createSoundInternal             : exinfo->inclusionlistnum   = 1
[LOG] SystemI::createSoundInternal             : exinfo->suggestedsoundtype = 5
[LOG] SystemI::createSoundInternal             : exinfo->useropen           = 00007FFFC5623F60
[LOG] SystemI::createSoundInternal             : exinfo->userclose          = 00007FFFC5623F20
[LOG] SystemI::createSoundInternal             : exinfo->userread           = 00007FFFC5624040
[LOG] SystemI::createSoundInternal             : exinfo->userseek           = 00007FFFC5624100
[LOG] SystemI::createSoundInternal             : exinfo->fileuserdata       = 00000235773DD7C8
[LOG] SystemI::createSoundInternal             : exinfo->initialseekpostype = 1
[LOG] SystemI::DSPCodecPoolRegister            : register codec pool for pool type 5
[LOG] SystemI::createSoundInternal             : Sample 0/1: name='quest_newQuest', format=5, channels=2, frequency=48000, lengthbytes=34304, lengthpcm=184320, pcmblocksize=0, loopstart=0, loopend=0, mode=0x00000000, channelmask=0x00000000, channelorder=0, peakvolume=0.555939.
[LOG] SystemI::createSoundInternal             : Create name='', mode=0x02000202
[LOG] SystemI::createSoundInternal             : exinfo->cbsize             = 224
[LOG] SystemI::createSoundInternal             : exinfo->length             = 127584
[LOG] SystemI::createSoundInternal             : exinfo->fileoffset         = 5280
[LOG] SystemI::createSoundInternal             : exinfo->numsubsounds       = 1
[LOG] SystemI::createSoundInternal             : exinfo->inclusionlist      = 000000AAC905EF98
[LOG] SystemI::createSoundInternal             : exinfo->inclusionlistnum   = 1
[LOG] SystemI::createSoundInternal             : exinfo->suggestedsoundtype = 5
[LOG] SystemI::createSoundInternal             : exinfo->useropen           = 00007FFFC5623F60
[LOG] SystemI::createSoundInternal             : exinfo->userclose          = 00007FFFC5623F20
[LOG] SystemI::createSoundInternal             : exinfo->userread           = 00007FFFC5624040
[LOG] SystemI::createSoundInternal             : exinfo->userseek           = 00007FFFC5624100
[LOG] SystemI::createSoundInternal             : exinfo->fileuserdata       = 00000235773DD7C8
[LOG] SystemI::createSoundInternal             : exinfo->initialseekpostype = 1
[LOG] SystemI::DSPCodecPoolRegister            : register codec pool for pool type 5
[LOG] SystemI::createSoundInternal             : Sample 0/1: name='quest_newObjective', format=5, channels=2, frequency=48000, lengthbytes=22592, lengthpcm=200620, pcmblocksize=0, loopstart=0, loopend=0, mode=0x00000000, channelmask=0x00000000, channelorder=0, peakvolume=0.531219.
[LOG] SystemI::createSoundInternal             : Create name='', mode=0x02000202
[LOG] SystemI::createSoundInternal             : exinfo->cbsize             = 224
[LOG] SystemI::createSoundInternal             : exinfo->length             = 127584
[LOG] SystemI::createSoundInternal             : exinfo->fileoffset         = 5280
[LOG] SystemI::createSoundInternal             : exinfo->numsubsounds       = 1
[LOG] SystemI::createSoundInternal             : exinfo->inclusionlist      = 000000AAC905EF98
[LOG] SystemI::createSoundInternal             : exinfo->inclusionlistnum   = 1
[LOG] SystemI::createSoundInternal             : exinfo->suggestedsoundtype = 5
[LOG] SystemI::createSoundInternal             : exinfo->useropen           = 00007FFFC5623F60
[LOG] SystemI::createSoundInternal             : exinfo->userclose          = 00007FFFC5623F20
[LOG] SystemI::createSoundInternal             : exinfo->userread           = 00007FFFC5624040
[LOG] SystemI::createSoundInternal             : exinfo->userseek           = 00007FFFC5624100
[LOG] SystemI::createSoundInternal             : exinfo->fileuserdata       = 000002357787F0F8
[LOG] SystemI::createSoundInternal             : exinfo->initialseekpostype = 1
[LOG] SystemI::DSPCodecPoolRegister            : register codec pool for pool type 5
[LOG] SystemI::createSoundInternal             : Sample 0/1: name='quest_Completed', format=5, channels=2, frequency=48000, lengthbytes=51232, lengthpcm=238236, pcmblocksize=0, loopstart=0, loopend=0, mode=0x00000000, channelmask=0x00000000, channelorder=0, peakvolume=0.968231.
[LOG] SoundI::release                          : music_SoT_AncientIsles (00000236961F1598)
[LOG] SoundI::release                          :     music_SoT_AncientIsles (000002357143FDD8)
[LOG] SoundI::release                          :     music_SoT_AncientIsles (00000236961F44D8)
[LOG] SoundI::release                          : island_ambience_birds (00000236961F4838)
[LOG] SoundI::release                          :     island_ambience_birds (000002357143D6D8)
[LOG] SoundI::release                          :     island_ambience_birds (00000236961F6D58)
[LOG] SoundI::release                          :  (00000235776184C8)
[LOG] SoundI::release                          :     quest_newQuest (000002359BF05B38)
[LOG] SoundI::release                          :  (0000023577618078)
[LOG] SoundI::release                          :     quest_newObjective (000002359BF05658)
[LOG] SoundI::release                          :  (0000023578212368)
[LOG] SoundI::release                          :     quest_Completed (0000023574F899D8)
[LOG] SoundI::release                          :  (00000236654A8F48)
[LOG] SoundI::release                          :     footsteps_player_grass_A (00000235715B4E78)
[LOG] SoundI::release                          :  (00000236654A86A8)
[LOG] SoundI::release                          :     footsteps_player_grass_C (00000235715B6538)
[LOG] SoundI::release                          :  (00000236654A8DD8)
[LOG] SoundI::release                          :     footsteps_player_grass_D (00000235715B6BB8)
[LOG] Thread::callback                         : FMOD Studio update thread finished.
[LOG] Thread::callback                         : FMOD Studio bank load thread finished.
[LOG] Profile::disconnectAll                   : Profiler disconnecting all clients
[LOG] Thread::callback                         : FMOD Studio sample load thread finished.
[LOG] LiveUpdate::release                      : 
[LOG] LiveUpdate::reset                        : Reset connection (reason Disconnected)
[LOG] Thread::callback                         : FMOD stream thread finished.
[LOG] Thread::callback                         : FMOD mixer thread finished.
[LOG] Profile::disconnectAll                   : Profiler disconnecting all clients
[LOG] SystemI::close                           : Closed.
[LOG] Thread::callback                         : FMOD Studio bank load thread finished.
[LOG] Thread::callback                         : FMOD Studio sample load thread finished.
[LOG] LiveUpdate::release                      : 
[LOG] LiveUpdate::reset                        : Reset connection (reason Disconnected)
[LOG] Thread::callback                         : FMOD stream thread finished.
[LOG] Thread::callback                         : FMOD mixer thread finished.
[LOG] SystemI::close                           : Closed.
[LOG] Thread::callback                         : FMOD nonblocking thread (0) finished.
[LOG] Thread::callback                         : FMOD file thread finished.
